(c) Copyright IBM Corporation 1993,2007
Command Line Processor for DB2 Client 11.5.8.0

You can issue database manager commands and SQL statements from the command 
prompt. For example:
    db2 => connect to sample
    db2 => bind sample.bnd

For general help, type: ?.
For command help, type: ? command, where command can be
the first few keywords of a database manager command. For example:
 ? CATALOG DATABASE for help on the CATALOG DATABASE command
 ? CATALOG          for help on all of the CATALOG commands.

To exit db2 interactive mode, type QUIT at the command prompt. Outside 
interactive mode, all commands must be prefixed with 'db2'.
To list the current command option settings, type LIST COMMAND OPTIONS.

For more detailed help, refer to the Online Reference Manual.

db2 => db2 => db2 => db2 => db2 => db2 => CONNECT TO cs421

   Database Connection Information

 Database server        = DB2/LINUXX8664 11.5.8.0
 SQL authorization ID   = CS421G12...
 Local database alias   = CS421


db2 => db2 => db2 => db2 => db2 => db2 => db2 => db2 => create table Clients (cid integer not null, client_name varchar(30) not null, primary key(cid))
DB20000I  The SQL command completed successfully.

db2 => create table Stadiums (sid integer not null, location varchar(30) , sname varchar(30) not null, capacity integer,primary key(sid))
DB20000I  The SQL command completed successfully.

db2 => create table Seats(seat_id integer not null ,sid integer not null, seat_location varchar(30) not null,seat_status varchar(30)not null, primary key(seat_id,sid),foreign key (sid) references Stadiums)
DB20000I  The SQL command completed successfully.

db2 => create table Teams(country varchar(30) not null, group varchar(30) not null,primary key(country))
DB20000I  The SQL command completed successfully.

db2 => create table Associations(aname varchar(30)not null, URL varchar(50),primary key(aname))
DB20000I  The SQL command completed successfully.

db2 => create table Supervises(aname varchar(30)not null,country varchar(30),primary key(aname),foreign key (aname) references Associations,foreign key (country) references Teams)
DB20000I  The SQL command completed successfully.

db2 => create table Members(mname varchar(30) not null,country varchar(30) not null,DOB date, primary key(mname),foreign key(country) references Teams)
DB20000I  The SQL command completed successfully.

db2 => create table Coaches(mname varchar(30) not null, role varchar(30), primary key(mname),foreign key(mname) references Members)
DB20000I  The SQL command completed successfully.

db2 => create table Players(mname varchar(30) not null, position varchar(30),shirt_number integer not null,primary key(mname),foreign key(mname) references Members)
DB20000I  The SQL command completed successfully.

db2 => create table Belongs(mname varchar(30) not null,country varchar(30) not null,primary key(mname,country),foreign key(mname) references Members,foreign key (country) references Teams)
DB20000I  The SQL command completed successfully.

db2 => create table Matches(mid integer not null, round varchar(30),date_and_time datetime,team_name1 varchar(30),team_name2 varchar(30),lenghth integer,primary key(mid))
DB20000I  The SQL command completed successfully.

db2 => create table Referees(rname varchar(30) not null, years_of_experience integer,country varchar(30),primary key(rname))
DB20000I  The SQL command completed successfully.

db2 => create table Oversees (rname varchar(30) not null ,mid integer not null,role varchar(30),primary key(rname,mid),foreign key(rname) references Referees,foreign key(mid) references Matches)
DB20000I  The SQL command completed successfully.

db2 => create table Hosts(sid integer not null,mid integer not null,primary key(sid, mid),foreign key(sid) references Stadiums,foreign key(mid) references Matches)
DB20000I  The SQL command completed successfully.

db2 => create table Tickets(tid integer not null, seat_id integer not null,sid integer not null,mid integer, price integer not null, primary key (tid),foreign key(seat_id,sid) references Seats,foreign key(mid) references Matches)
DB20000I  The SQL command completed successfully.

db2 => create table Bookings(tid integer not null,cid integer not null,booking_date date, primary key(tid,cid),foreign key(cid) references Clients,foreign key (tid) references Tickets)
DB20000I  The SQL command completed successfully.

db2 => create table Plays(mname varchar(30) not null,mid integer not null,minute_in integer not null,minute_out integer not null,position varchar(30) not null ,yellow_cards int,red_cards int,primary key(mname,mid),foreign key(mid) references Matches,foreign key(mname) references Players)
DB20000I  The SQL command completed successfully.

db2 => create table Goals(occurence varchar(30) not null,mid integer not null ,time integer,goal_type varchar(30) not null,country varchar(30) not null,primary key(occurence,mid),foreign key(mid) references Matches)
DB20000I  The SQL command completed successfully.

db2 => db2 => create table Scores(mname varchar(30) not null,occurence varchar(30) not null,mid integer not null,foreign key(mname) references Members,foreign key(occurence,mid) references Goals)
DB20000I  The SQL command completed successfully.

db2 => create table Happens(occurence varchar(30) not null , mid integer not null, country varchar(30) not null,foreign key(occurence,mid) references Goals,foreign key(country) references Teams)
DB20000I  The SQL command completed successfully.

db2 => db2 => db2 => db2 => 