(c) Copyright IBM Corporation 1993,2007
Command Line Processor for DB2 Client 11.5.8.0

You can issue database manager commands and SQL statements from the command 
prompt. For example:
    db2 => connect to sample
    db2 => bind sample.bnd

For general help, type: ?.
For command help, type: ? command, where command can be
the first few keywords of a database manager command. For example:
 ? CATALOG DATABASE for help on the CATALOG DATABASE command
 ? CATALOG          for help on all of the CATALOG commands.

To exit db2 interactive mode, type QUIT at the command prompt. Outside 
interactive mode, all commands must be prefixed with 'db2'.
To list the current command option settings, type LIST COMMAND OPTIONS.

For more detailed help, refer to the Online Reference Manual.

db2 => db2 => db2 => db2 => db2 => db2 => CONNECT TO cs421

   Database Connection Information

 Database server        = DB2/LINUXX8664 11.5.8.0
 SQL authorization ID   = CS421G12...
 Local database alias   = CS421


db2 => db2 => db2 => db2 => db2 => db2 => db2 => drop table Clients
DB20000I  The SQL command completed successfully.

db2 => drop table Stadiums
DB20000I  The SQL command completed successfully.

db2 => drop table Seats
DB20000I  The SQL command completed successfully.

db2 => drop table Teams
DB20000I  The SQL command completed successfully.

db2 => drop table Associations
DB20000I  The SQL command completed successfully.

db2 => drop table Supervises
DB20000I  The SQL command completed successfully.

db2 => drop table Members
DB20000I  The SQL command completed successfully.

db2 => drop table Coaches
DB20000I  The SQL command completed successfully.

db2 => drop table Players
DB20000I  The SQL command completed successfully.

db2 => drop table Belongs
DB20000I  The SQL command completed successfully.

db2 => drop table Matches
DB20000I  The SQL command completed successfully.

db2 => drop table Referees
DB20000I  The SQL command completed successfully.

db2 => drop table Oversees
DB20000I  The SQL command completed successfully.

db2 => drop table Hosts
DB20000I  The SQL command completed successfully.

db2 => drop table Tickets
DB20000I  The SQL command completed successfully.

db2 => drop table Bookings
DB20000I  The SQL command completed successfully.

db2 => drop table Plays
DB20000I  The SQL command completed successfully.

db2 => drop table Goals
DB20000I  The SQL command completed successfully.

db2 => drop table Scores
DB20000I  The SQL command completed successfully.

db2 => drop table Happens
DB20000I  The SQL command completed successfully.

db2 => 